Watching /Users/ken/Desktop/slack/client and all sub-directories not excluded by your .gitignore. Will not monitor dotfiles.
Found & ignored ./node_modules ; is listed in .gitignore

Starting: --silent build-storybook -- --output-dir /var/folders/b6/g83mw8h9531btnbcmd3s7dh80000gn/T/chromatic--27913-90sUI2XwE8qy
node: bad option: --silent
./build-storybook.log changed

Starting: --silent build-storybook -- --output-dir /var/folders/b6/g83mw8h9531btnbcmd3s7dh80000gn/T/chromatic--27913-90sUI2XwE8qy
node: bad option: --silent
./src/components/Workspace/Channel/Container.tsx changed

Starting: --silent build-storybook -- --output-dir /var/folders/b6/g83mw8h9531btnbcmd3s7dh80000gn/T/chromatic--27913-90sUI2XwE8qy
./build-storybook.log changed

Starting: --silent build-storybook -- --output-dir /var/folders/b6/g83mw8h9531btnbcmd3s7dh80000gn/T/chromatic--27913-90sUI2XwE8qy
node: bad option: --silent
./src/components/Workspace/Channel/Container.tsx changed

Starting: --silent build-storybook -- --output-dir /var/folders/b6/g83mw8h9531btnbcmd3s7dh80000gn/T/chromatic--27913-90sUI2XwE8qy
./build-storybook.log changed

Starting: --silent build-storybook -- --output-dir /var/folders/b6/g83mw8h9531btnbcmd3s7dh80000gn/T/chromatic--27913-90sUI2XwE8qy
node: bad option: --silent
./src/components/Workspace/Channel/Container.tsx changed

Starting: --silent build-storybook -- --output-dir /var/folders/b6/g83mw8h9531btnbcmd3s7dh80000gn/T/chromatic--27913-90sUI2XwE8qy
./build-storybook.log changed

Starting: --silent build-storybook -- --output-dir /var/folders/b6/g83mw8h9531btnbcmd3s7dh80000gn/T/chromatic--27913-90sUI2XwE8qy
node: bad option: --silent
./src/components/Workspace/Channel/Container.tsx changed

Starting: --silent build-storybook -- --output-dir /var/folders/b6/g83mw8h9531btnbcmd3s7dh80000gn/T/chromatic--27913-90sUI2XwE8qy
./build-storybook.log changed

Starting: --silent build-storybook -- --output-dir /var/folders/b6/g83mw8h9531btnbcmd3s7dh80000gn/T/chromatic--27913-90sUI2XwE8qy
node: bad option: --silent
./src/components/Workspace/Channel/Container.tsx changed

Starting: --silent build-storybook -- --output-dir /var/folders/b6/g83mw8h9531btnbcmd3s7dh80000gn/T/chromatic--27913-90sUI2XwE8qy
node: bad option: --silent
./build-storybook.log changed

Starting: --silent build-storybook -- --output-dir /var/folders/b6/g83mw8h9531btnbcmd3s7dh80000gn/T/chromatic--27913-90sUI2XwE8qy
node: bad option: --silent
./src/components/Workspace/Channel/Container.tsx changed

Starting: --silent build-storybook -- --output-dir /var/folders/b6/g83mw8h9531btnbcmd3s7dh80000gn/T/chromatic--27913-90sUI2XwE8qy
./build-storybook.log changed

Starting: --silent build-storybook -- --output-dir /var/folders/b6/g83mw8h9531btnbcmd3s7dh80000gn/T/chromatic--27913-90sUI2XwE8qy
node: bad option: --silent
./src/components/Workspace/Channel/Container.tsx changed

Starting: --silent build-storybook -- --output-dir /var/folders/b6/g83mw8h9531btnbcmd3s7dh80000gn/T/chromatic--27913-90sUI2XwE8qy
./build-storybook.log changed

Starting: --silent build-storybook -- --output-dir /var/folders/b6/g83mw8h9531btnbcmd3s7dh80000gn/T/chromatic--27913-90sUI2XwE8qy
node: bad option: --silent
./src/components/Workspace/Channel/Container.tsx changed

Starting: --silent build-storybook -- --output-dir /var/folders/b6/g83mw8h9531btnbcmd3s7dh80000gn/T/chromatic--27913-90sUI2XwE8qy
node: bad option: --silent
./build-storybook.log changed

Starting: --silent build-storybook -- --output-dir /var/folders/b6/g83mw8h9531btnbcmd3s7dh80000gn/T/chromatic--27913-90sUI2XwE8qy
node: bad option: --silent
./src/components/Workspace/Channel/Container.tsx changed

Starting: --silent build-storybook -- --output-dir /var/folders/b6/g83mw8h9531btnbcmd3s7dh80000gn/T/chromatic--27913-90sUI2XwE8qy
./build-storybook.log changed

Starting: --silent build-storybook -- --output-dir /var/folders/b6/g83mw8h9531btnbcmd3s7dh80000gn/T/chromatic--27913-90sUI2XwE8qy
node: bad option: --silent
./src/components/Workspace/Channel/Container.tsx changed

Starting: --silent build-storybook -- --output-dir /var/folders/b6/g83mw8h9531btnbcmd3s7dh80000gn/T/chromatic--27913-90sUI2XwE8qy
./build-storybook.log changed

Starting: --silent build-storybook -- --output-dir /var/folders/b6/g83mw8h9531btnbcmd3s7dh80000gn/T/chromatic--27913-90sUI2XwE8qy
node: bad option: --silent
./src/components/Workspace/Channel/Container.tsx changed

Starting: --silent build-storybook -- --output-dir /var/folders/b6/g83mw8h9531btnbcmd3s7dh80000gn/T/chromatic--27913-90sUI2XwE8qy
./build-storybook.log changed

Starting: --silent build-storybook -- --output-dir /var/folders/b6/g83mw8h9531btnbcmd3s7dh80000gn/T/chromatic--27913-90sUI2XwE8qy
node: bad option: --silent
